14/4/2025 16:19:55 - Temperature: -273.00
14/4/2025 16:19:56 - Temperature: -273.00
14/4/2025 16:19:57 - Temperature: -273.00
14/4/2025 16:19:59 - Temperature: -273.00
14/4/2025 16:20:0 - Temperature: -273.00
14/4/2025 16:20:1 - Temperature: -273.00
14/4/2025 16:20:3 - Temperature: -273.00
14/4/2025 16:20:5 - Temperature: -273.00
14/4/2025 16:20:45 - Device Started
14/4/2025 16:20:46 - Reboot Count: 194
14/4/2025 16:20:46 - Device Version: 1.480
14/4/2025 16:20:49 - T
14/4/2025 16:20:51 - T
14/4/2025 16:20:52 - T
14/4/2025 16:20:54 - T
14/4/2025 16:20:55 - T
14/4/2025 16:20:57 - T
14/4/2025 16:20:58 - T
14/4/2025 16:20:59 - T
14/4/2025 16:21:1 - T
14/4/2025 16:21:2 - T
14/4/2025 16:21:3 - T
14/4/2025 16:21:5 - T
14/4/2025 16:21:7 - T
14/4/2025 16:21:8 - T
14/4/2025 16:21:10 - T
14/4/2025 16:21:11 - T
14/4/2025 16:21:13 - T
14/4/2025 16:21:14 - T
14/4/2025 16:21:15 - T
14/4/2025 16:21:17 - T
14/4/2025 16:21:18 - T
14/4/2025 16:21:19 - T
14/4/2025 16:21:21 - T
14/4/2025 16:21:22 - T
14/4/2025 16:21:23 - T
14/4/2025 16:21:25 - T
14/4/2025 16:21:26 - T
14/4/2025 16:21:28 - T
14/4/2025 16:21:29 - T
14/4/2025 16:21:31 - T
14/4/2025 16:21:33 - T
14/4/2025 16:21:34 - T
14/4/2025 16:21:35 - T
14/4/2025 16:21:37 - T
14/4/2025 16:21:38 - T
14/4/2025 16:21:40 - T
14/4/2025 16:21:41 - T
14/4/2025 16:21:43 - T
14/4/2025 16:21:45 - T
14/4/2025 16:21:46 - T
14/4/2025 16:21:47 - T
14/4/2025 16:21:49 - T
14/4/2025 16:21:50 - T
14/4/2025 16:21:52 - T
14/4/2025 16:21:53 - T
14/4/2025 16:21:55 - T
14/4/2025 16:21:56 - T
14/4/2025 16:21:58 - T
14/4/2025 16:21:59 - T
14/4/2025 16:22:1 - T
14/4/2025 16:22:2 - T
14/4/2025 16:22:3 - T
14/4/2025 16:22:5 - T
14/4/2025 16:22:7 - T
14/4/2025 16:22:8 - T
14/4/2025 16:22:10 - T
14/4/2025 16:22:11 - T
14/4/2025 16:22:12 - T
14/4/2025 16:22:14 - T
14/4/2025 16:22:16 - T
14/4/2025 16:22:17 - T
14/4/2025 16:22:19 - T
14/4/2025 16:22:20 - T
14/4/2025 16:22:22 - T
14/4/2025 16:22:23 - T
14/4/2025 16:22:25 - T
14/4/2025 16:22:27 - T
